<?xml version="1.0" encoding="UTF-8"?>
<!-- Generated by org.testng.reporters.JUnitXMLReporter -->
<testsuite ignored="0" hostname="Praveen-PC" failures="2" tests="2" name="Errors" time="18.587" errors="0" timestamp="2024-02-06T22:38:44 IST">
  <testcase classname="shoppingFramework.ShoppingErrorValidations" name="errorValidation" time="0.902">
    <failure type="java.lang.AssertionError" message="expected [Incorrect email or password.] but found [Incorrect email or passwor]">
      <![CDATA[java.lang.AssertionError: expected [Incorrect email or password.] but found [Incorrect email or passwor]
at shoppingFramework.ShoppingErrorValidations.errorValidation(ShoppingErrorValidations.java:16)
at java.base/java.util.ArrayList.forEach(ArrayList.java:1596)
at java.base/java.util.concurrent.FutureTask.run(FutureTask.java:317)
at java.base/java.util.concurrent.ThreadPoolExecutor.runWorker(ThreadPoolExecutor.java:1144)
at java.base/java.util.concurrent.ThreadPoolExecutor$Worker.run(ThreadPoolExecutor.java:642)
at java.base/java.lang.Thread.run(Thread.java:1583)
... Removed 21 stack frames]]>
    </failure>
  </testcase> <!-- errorValidation -->
  <testcase classname="shoppingFramework.ShoppingErrorValidations" name="errorValidation" time="0.888">
    <failure type="java.lang.AssertionError" message="expected [Incorrect email or password.] but found [Incorrect email or passwor]">
      <![CDATA[java.lang.AssertionError: expected [Incorrect email or password.] but found [Incorrect email or passwor]
at shoppingFramework.ShoppingErrorValidations.errorValidation(ShoppingErrorValidations.java:16)
at java.base/java.util.ArrayList.forEach(ArrayList.java:1596)
at java.base/java.util.concurrent.FutureTask.run(FutureTask.java:317)
at java.base/java.util.concurrent.ThreadPoolExecutor.runWorker(ThreadPoolExecutor.java:1144)
at java.base/java.util.concurrent.ThreadPoolExecutor$Worker.run(ThreadPoolExecutor.java:642)
at java.base/java.lang.Thread.run(Thread.java:1583)
... Removed 21 stack frames]]>
    </failure>
  </testcase> <!-- errorValidation -->
</testsuite> <!-- Errors -->
